<?xml version="1.0" encoding="UTF-8"?>
<!-- Generated by org.testng.reporters.JUnitXMLReporter -->
<testsuite ignored="6" hostname="DESKTOP-7367SQR" failures="0" tests="1" name="Default test" time="3.007" errors="0" timestamp="2024-02-22T11:47:59 IST">
  <testcase classname="godigit.qa.opencart.base.BaseTest" name="@BeforeTest setUp" time="0.191">
    <failure type="java.lang.NullPointerException" message="inStream parameter is null">
      <![CDATA[java.lang.NullPointerException: inStream parameter is null
at java.base/java.util.Objects.requireNonNull(Objects.java:246)
at java.base/java.util.Properties.load(Properties.java:407)
at godigit.qa.ecom.factory.DriverFactory.initProp(DriverFactory.java:136)
at godigit.qa.opencart.base.BaseTest.setUp(BaseTest.java:36)
at java.base/jdk.internal.reflect.NativeMethodAccessorImpl.invoke0(Native Method)
at java.base/jdk.internal.reflect.NativeMethodAccessorImpl.invoke(NativeMethodAccessorImpl.java:62)
at java.base/jdk.internal.reflect.DelegatingMethodAccessorImpl.invoke(DelegatingMethodAccessorImpl.java:43)
at java.base/java.lang.reflect.Method.invoke(Method.java:566)
at org.testng.internal.invokers.MethodInvocationHelper.invokeMethod(MethodInvocationHelper.java:139)
at org.testng.internal.invokers.MethodInvocationHelper.invokeMethodConsideringTimeout(MethodInvocationHelper.java:69)
at org.testng.internal.invokers.ConfigInvoker.invokeConfigurationMethod(ConfigInvoker.java:390)
at org.testng.internal.invokers.ConfigInvoker.invokeConfigurations(ConfigInvoker.java:325)
at org.testng.TestRunner.invokeTestConfigurations(TestRunner.java:663)
at org.testng.TestRunner.beforeRun(TestRunner.java:652)
at org.testng.TestRunner.run(TestRunner.java:614)
at org.testng.SuiteRunner.runTest(SuiteRunner.java:443)
at org.testng.SuiteRunner.runSequentially(SuiteRunner.java:437)
at org.testng.SuiteRunner.privateRun(SuiteRunner.java:397)
at org.testng.SuiteRunner.run(SuiteRunner.java:336)
at org.testng.SuiteRunnerWorker.runSuite(SuiteRunnerWorker.java:52)
at org.testng.SuiteRunnerWorker.run(SuiteRunnerWorker.java:95)
at org.testng.TestNG.runSuitesSequentially(TestNG.java:1280)
at org.testng.TestNG.runSuitesLocally(TestNG.java:1200)
at org.testng.TestNG.runSuites(TestNG.java:1114)
at org.testng.TestNG.run(TestNG.java:1082)
at org.testng.remote.AbstractRemoteTestNG.run(AbstractRemoteTestNG.java:115)
at org.testng.remote.RemoteTestNG.initAndRun(RemoteTestNG.java:251)
at org.testng.remote.RemoteTestNG.main(RemoteTestNG.java:77)
]]>
    </failure>
  </testcase> <!-- @BeforeTest setUp -->
  <testcase classname="godigit.qa.ecom.tests.AccountsPageTest" name="@BeforeClass accPageSetup" time="0.0">
    <skipped/>
  </testcase> <!-- @BeforeClass accPageSetup -->
  <testcase classname="godigit.qa.opencart.base.BaseTest" name="@AfterTest tearDown" time="0.0">
    <skipped/>
  </testcase> <!-- @AfterTest tearDown -->
  <testcase classname="godigit.qa.ecom.tests.AccountsPageTest" name="accPageTitleTest" time="0.0">
    <skipped/>
  </testcase> <!-- accPageTitleTest -->
  <testcase classname="godigit.qa.ecom.tests.AccountsPageTest" name="accPageURLTest" time="0.0">
    <ignored/>
  </testcase> <!-- accPageURLTest -->
  <testcase classname="godigit.qa.ecom.tests.AccountsPageTest" name="searchProductCountTest" time="0.0">
    <ignored/>
  </testcase> <!-- searchProductCountTest -->
  <testcase classname="godigit.qa.ecom.tests.AccountsPageTest" name="isLogoutLinkExistTest" time="0.0">
    <ignored/>
  </testcase> <!-- isLogoutLinkExistTest -->
  <testcase classname="godigit.qa.ecom.tests.AccountsPageTest" name="searchProductTest" time="0.0">
    <ignored/>
  </testcase> <!-- searchProductTest -->
  <testcase classname="godigit.qa.ecom.tests.AccountsPageTest" name="accPageHeadersValueTest" time="0.0">
    <ignored/>
  </testcase> <!-- accPageHeadersValueTest -->
  <testcase classname="godigit.qa.ecom.tests.AccountsPageTest" name="accPageHeadersCountTest" time="0.0">
    <ignored/>
  </testcase> <!-- accPageHeadersCountTest -->
</testsuite> <!-- Default test -->
